{"/home/sj/dev/webapps/iarc/src/components/modules/mypluralize/dist/index.js":{"path":"/home/sj/dev/webapps/iarc/src/components/modules/mypluralize/dist/index.js","s":{"1":1,"2":8,"3":8,"4":8,"5":5,"6":0,"7":0,"8":0,"9":1,"10":1,"11":0,"12":1,"13":1,"14":0,"15":1,"16":1,"17":1,"18":8,"19":8,"20":1,"21":1,"22":1,"23":1,"24":1,"25":1,"26":5,"27":1},"b":{"1":[1,1,1],"2":[1,0],"3":[8,0],"4":[0,0],"5":[1,1,1],"6":[1,0],"7":[1,1,1],"8":[0,1],"9":[1,1],"10":[1,0],"11":[8,0],"12":[8,8]},"f":{"1":8,"2":5,"3":0,"4":1,"5":0,"6":1,"7":5},"fnMap":{"1":{"name":"(anonymous_1)","line":2,"loc":{"start":{"line":2,"column":74},"end":{"line":2,"column":96}}},"2":{"name":"(anonymous_2)","line":4,"loc":{"start":{"line":4,"column":58},"end":{"line":4,"column":69}}},"3":{"name":"(anonymous_3)","line":5,"loc":{"start":{"line":5,"column":6},"end":{"line":5,"column":28}}},"4":{"name":"(anonymous_4)","line":9,"loc":{"start":{"line":9,"column":80},"end":{"line":9,"column":95}}},"5":{"name":"(anonymous_5)","line":11,"loc":{"start":{"line":11,"column":5},"end":{"line":11,"column":20}}},"6":{"name":"(anonymous_6)","line":14,"loc":{"start":{"line":14,"column":50},"end":{"line":14,"column":65}}},"7":{"name":"getPlural","line":29,"loc":{"start":{"line":29,"column":0},"end":{"line":29,"column":24}}}},"statementMap":{"1":{"start":{"line":2,"column":0},"end":{"line":8,"column":4}},"2":{"start":{"line":3,"column":4},"end":{"line":3,"column":33}},"3":{"start":{"line":3,"column":26},"end":{"line":3,"column":33}},"4":{"start":{"line":4,"column":4},"end":{"line":4,"column":89}},"5":{"start":{"line":4,"column":71},"end":{"line":4,"column":83}},"6":{"start":{"line":6,"column":4},"end":{"line":6,"column":33}},"7":{"start":{"line":6,"column":26},"end":{"line":6,"column":33}},"8":{"start":{"line":7,"column":4},"end":{"line":7,"column":17}},"9":{"start":{"line":9,"column":0},"end":{"line":13,"column":3}},"10":{"start":{"line":10,"column":4},"end":{"line":10,"column":72}},"11":{"start":{"line":12,"column":4},"end":{"line":12,"column":21}},"12":{"start":{"line":14,"column":0},"end":{"line":20,"column":2}},"13":{"start":{"line":15,"column":4},"end":{"line":15,"column":42}},"14":{"start":{"line":15,"column":31},"end":{"line":15,"column":42}},"15":{"start":{"line":16,"column":4},"end":{"line":16,"column":20}},"16":{"start":{"line":17,"column":4},"end":{"line":17,"column":141}},"17":{"start":{"line":17,"column":21},"end":{"line":17,"column":141}},"18":{"start":{"line":17,"column":40},"end":{"line":17,"column":141}},"19":{"start":{"line":17,"column":109},"end":{"line":17,"column":141}},"20":{"start":{"line":18,"column":4},"end":{"line":18,"column":36}},"21":{"start":{"line":19,"column":4},"end":{"line":19,"column":18}},"22":{"start":{"line":21,"column":0},"end":{"line":21,"column":62}},"23":{"start":{"line":22,"column":0},"end":{"line":22,"column":27}},"24":{"start":{"line":23,"column":0},"end":{"line":23,"column":51}},"25":{"start":{"line":29,"column":0},"end":{"line":31,"column":1}},"26":{"start":{"line":30,"column":4},"end":{"line":30,"column":33}},"27":{"start":{"line":32,"column":0},"end":{"line":32,"column":30}}},"branchMap":{"1":{"line":2,"type":"binary-expr","locations":[{"start":{"line":2,"column":23},"end":{"line":2,"column":27}},{"start":{"line":2,"column":31},"end":{"line":2,"column":51}},{"start":{"line":2,"column":57},"end":{"line":8,"column":2}}]},"2":{"line":2,"type":"cond-expr","locations":[{"start":{"line":2,"column":74},"end":{"line":5,"column":1}},{"start":{"line":5,"column":6},"end":{"line":8,"column":1}}]},"3":{"line":3,"type":"if","locations":[{"start":{"line":3,"column":4},"end":{"line":3,"column":4}},{"start":{"line":3,"column":4},"end":{"line":3,"column":4}}]},"4":{"line":6,"type":"if","locations":[{"start":{"line":6,"column":4},"end":{"line":6,"column":4}},{"start":{"line":6,"column":4},"end":{"line":6,"column":4}}]},"5":{"line":9,"type":"binary-expr","locations":[{"start":{"line":9,"column":26},"end":{"line":9,"column":30}},{"start":{"line":9,"column":34},"end":{"line":9,"column":57}},{"start":{"line":9,"column":63},"end":{"line":13,"column":1}}]},"6":{"line":9,"type":"cond-expr","locations":[{"start":{"line":9,"column":80},"end":{"line":11,"column":1}},{"start":{"line":11,"column":5},"end":{"line":13,"column":1}}]},"7":{"line":14,"type":"binary-expr","locations":[{"start":{"line":14,"column":20},"end":{"line":14,"column":24}},{"start":{"line":14,"column":28},"end":{"line":14,"column":45}},{"start":{"line":14,"column":50},"end":{"line":20,"column":1}}]},"8":{"line":15,"type":"if","locations":[{"start":{"line":15,"column":4},"end":{"line":15,"column":4}},{"start":{"line":15,"column":4},"end":{"line":15,"column":4}}]},"9":{"line":15,"type":"binary-expr","locations":[{"start":{"line":15,"column":8},"end":{"line":15,"column":11}},{"start":{"line":15,"column":15},"end":{"line":15,"column":29}}]},"10":{"line":17,"type":"if","locations":[{"start":{"line":17,"column":4},"end":{"line":17,"column":4}},{"start":{"line":17,"column":4},"end":{"line":17,"column":4}}]},"11":{"line":17,"type":"if","locations":[{"start":{"line":17,"column":40},"end":{"line":17,"column":40}},{"start":{"line":17,"column":40},"end":{"line":17,"column":40}}]},"12":{"line":17,"type":"binary-expr","locations":[{"start":{"line":17,"column":44},"end":{"line":17,"column":59}},{"start":{"line":17,"column":63},"end":{"line":17,"column":107}}]}}}}