TN:
SF:/home/sj/dev/webapps/iarc/src/components/modules/mypluralize/dist/index.js
FN:2,(anonymous_1)
FN:4,(anonymous_2)
FN:5,(anonymous_3)
FN:9,(anonymous_4)
FN:11,(anonymous_5)
FN:14,(anonymous_6)
FN:29,getPlural
FNF:7
FNH:5
FNDA:8,(anonymous_1)
FNDA:5,(anonymous_2)
FNDA:0,(anonymous_3)
FNDA:1,(anonymous_4)
FNDA:0,(anonymous_5)
FNDA:1,(anonymous_6)
FNDA:5,getPlural
DA:2,1
DA:3,8
DA:4,8
DA:6,0
DA:7,0
DA:9,1
DA:10,1
DA:12,0
DA:14,1
DA:15,1
DA:16,1
DA:17,8
DA:18,1
DA:19,1
DA:21,1
DA:22,1
DA:23,1
DA:29,1
DA:30,5
DA:32,1
LF:20
LH:17
BRDA:2,1,0,1
BRDA:2,1,1,1
BRDA:2,1,2,1
BRDA:2,2,0,1
BRDA:2,2,1,0
BRDA:3,3,0,8
BRDA:3,3,1,0
BRDA:6,4,0,0
BRDA:6,4,1,0
BRDA:9,5,0,1
BRDA:9,5,1,1
BRDA:9,5,2,1
BRDA:9,6,0,1
BRDA:9,6,1,0
BRDA:14,7,0,1
BRDA:14,7,1,1
BRDA:14,7,2,1
BRDA:15,8,0,0
BRDA:15,8,1,1
BRDA:15,9,0,1
BRDA:15,9,1,1
BRDA:17,10,0,1
BRDA:17,10,1,0
BRDA:17,11,0,8
BRDA:17,11,1,0
BRDA:17,12,0,8
BRDA:17,12,1,8
BRF:27
BRH:19
end_of_record
